2024-02-23 20:03:45.029 [info] Extension host with pid 815 started
2024-02-23 20:03:45.910 [info] ExtensionService#_doActivateExtension adamvoss.vscode-languagetool, startup: false, activationEvent: 'onLanguage:plaintext'
2024-02-23 20:03:45.947 [info] ExtensionService#_doActivateExtension vscode.emmet, startup: false, activationEvent: 'onLanguage'
2024-02-23 20:03:45.951 [info] ExtensionService#_doActivateExtension vscode.html-language-features, startup: false, activationEvent: 'onLanguage:html'
2024-02-23 20:03:50.955 [info] ExtensionService#_doActivateExtension vscode.git-base, startup: true, activationEvent: '*', root cause: vscode.git
2024-02-23 20:03:52.336 [info] Lock '/home/barea/.vscode-server/data/User/workspaceStorage/02a55fb17e8e2989a2ec68a7e985c231/vscode.lock': Lock acquired.
2024-02-23 20:03:54.428 [info] ExtensionService#_doActivateExtension vscode.git, startup: true, activationEvent: '*'
2024-02-23 20:03:54.432 [info] ExtensionService#_doActivateExtension vscode.github, startup: true, activationEvent: '*'
2024-02-23 20:03:56.725 [info] ExtensionService#_doActivateExtension pranaygp.vscode-css-peek, startup: true, activationEvent: 'workspaceContains:**/*.css,**/*.scss,**/*.sass,**/*.less'
2024-02-23 20:04:08.507 [info] ExtensionService#_doActivateExtension vscode.debug-auto-launch, startup: false, activationEvent: 'onStartupFinished'
2024-02-23 20:04:08.513 [info] ExtensionService#_doActivateExtension vscode.merge-conflict, startup: false, activationEvent: 'onStartupFinished'
2024-02-23 20:04:08.518 [info] ExtensionService#_doActivateExtension dbaeumer.vscode-eslint, startup: false, activationEvent: 'onStartupFinished'
2024-02-23 20:04:08.525 [info] ExtensionService#_doActivateExtension ritwickdey.LiveServer, startup: false, activationEvent: 'onStartupFinished'
2024-02-23 20:04:08.529 [info] ExtensionService#_doActivateExtension streetsidesoftware.code-spell-checker, startup: false, activationEvent: 'onStartupFinished'
2024-02-23 20:04:13.845 [info] Eager extensions activated
2024-02-23 20:04:22.292 [info] ExtensionService#_doActivateExtension vscode.json-language-features, startup: false, activationEvent: 'onLanguage:jsonc'
2024-02-23 20:04:22.304 [info] ExtensionService#_doActivateExtension vscode.typescript-language-features, startup: false, activationEvent: 'onLanguage:jsonc'
2024-02-23 20:04:24.653 [info] ExtensionService#_doActivateExtension streetsidesoftware.code-spell-checker-spanish, startup: false, activationEvent: 'onStartupFinished'
2024-02-23 20:06:46.944 [info] Extension host terminating: received terminate message from renderer
2024-02-23 20:06:46.951 [info] Lock '/home/barea/.vscode-server/data/User/workspaceStorage/02a55fb17e8e2989a2ec68a7e985c231/vscode.lock': Marking the lockfile as scheduled to be released in 6000 ms.
2024-02-23 20:06:48.720 [info] Extension host with pid 815 exiting with code 0
